<?xml version="1.0" encoding="utf-8"?><testsuites name="pytest tests"><testsuite name="pytest" errors="0" failures="0" skipped="0" tests="15" time="0.686" timestamp="2026-01-10T20:42:24.163553+00:00" hostname="agent-env-8d8cbda2-4ba8-4f68-a876-fa31b6fcf722"><testcase classname="tests.test_reports_api.TestReportsEndpoint" name="test_reports_returns_200" time="0.074" /><testcase classname="tests.test_reports_api.TestReportsEndpoint" name="test_reports_returns_all_required_fields" time="0.011" /><testcase classname="tests.test_reports_api.TestReportsEndpoint" name="test_reports_pipeline_por_etapa_structure" time="0.053" /><testcase classname="tests.test_reports_api.TestReportsEndpoint" name="test_reports_with_date_filter" time="0.053" /><testcase classname="tests.test_reports_api.TestReportsEndpoint" name="test_reports_total_leads_count" time="0.011" /><testcase classname="tests.test_reports_api.TestReportsExportEndpoints" name="test_export_pipeline_csv" time="0.052" /><testcase classname="tests.test_reports_api.TestReportsExportEndpoints" name="test_export_fuentes_csv" time="0.050" /><testcase classname="tests.test_reports_api.TestReportsExportEndpoints" name="test_export_sectores_csv" time="0.011" /><testcase classname="tests.test_reports_api.TestReportsExportEndpoints" name="test_export_servicios_csv" time="0.050" /><testcase classname="tests.test_reports_api.TestReportsExportEndpoints" name="test_export_propietarios_csv" time="0.050" /><testcase classname="tests.test_reports_api.TestReportsExportEndpoints" name="test_export_perdidas_csv" time="0.010" /><testcase classname="tests.test_reports_api.TestReportsExportEndpoints" name="test_export_invalid_type_returns_400" time="0.049" /><testcase classname="tests.test_reports_api.TestReportsExportEndpoints" name="test_export_with_date_filter" time="0.009" /><testcase classname="tests.test_reports_api.TestReportsAuth" name="test_reports_requires_auth" time="0.035" /><testcase classname="tests.test_reports_api.TestReportsAuth" name="test_export_requires_auth" time="0.045" /></testsuite></testsuites>